# JRE version:  (8.0_131-b11) (build )
# Java VM: OpenJDK 64-Bit Server VM (25.131-b11 mixed mode linux-amd64 compressed oops)
Heap:
 PSYoungGen      total 279552K, used 206930K [0x00000000d6800000, 0x00000000e9200000, 0x0000000100000000)
  eden space 264704K, 72% used [0x00000000d6800000,0x00000000e23da8c8,0x00000000e6a80000)
  from space 14848K, 98% used [0x00000000e8380000,0x00000000e91b9f98,0x00000000e9200000)
  to   space 18944K, 0% used [0x00000000e6d00000,0x00000000e6d00000,0x00000000e7f80000)
 ParOldGen       total 104960K, used 22046K [0x0000000083800000, 0x0000000089e80000, 0x00000000d6800000)
  object space 104960K, 21% used [0x0000000083800000,0x0000000084d87ba8,0x0000000089e80000)
 Metaspace       used 52047K, capacity 52618K, committed 53080K, reserved 1095680K
  class space    used 6493K, capacity 6637K, committed 6744K, reserved 1048576K
GC Heap History (10 events):
Event: 2.947 GC heap before
{Heap before GC invocations=6 (full 1):
 PSYoungGen      total 136192K, used 131072K [0x00000000d6800000, 0x00000000df200000, 0x0000000100000000)
  eden space 131072K, 100% used [0x00000000d6800000,0x00000000de800000,0x00000000de800000)
  from space 5120K, 0% used [0x00000000ded00000,0x00000000ded00000,0x00000000df200000)
  to   space 5120K, 0% used [0x00000000de800000,0x00000000de800000,0x00000000ded00000)
 ParOldGen       total 63488K, used 8368K [0x0000000083800000, 0x0000000087600000, 0x00000000d6800000)
  object space 63488K, 13% used [0x0000000083800000,0x000000008402c028,0x0000000087600000)
 Metaspace       used 25499K, capacity 25804K, committed 25984K, reserved 1073152K
  class space    used 3076K, capacity 3186K, committed 3200K, reserved 1048576K
Event: 2.963 GC heap after
Heap after GC invocations=6 (full 1):
 PSYoungGen      total 136192K, used 5091K [0x00000000d6800000, 0x00000000e3900000, 0x0000000100000000)
  eden space 131072K, 0% used [0x00000000d6800000,0x00000000d6800000,0x00000000de800000)
  from space 5120K, 99% used [0x00000000de800000,0x00000000decf8c58,0x00000000ded00000)
  to   space 11264K, 0% used [0x00000000e2e00000,0x00000000e2e00000,0x00000000e3900000)
 ParOldGen       total 63488K, used 11225K [0x0000000083800000, 0x0000000087600000, 0x00000000d6800000)
  object space 63488K, 17% used [0x0000000083800000,0x00000000842f64f8,0x0000000087600000)
 Metaspace       used 25499K, capacity 25804K, committed 25984K, reserved 1073152K
  class space    used 3076K, capacity 3186K, committed 3200K, reserved 1048576K
}
Event: 4.014 GC heap before
{Heap before GC invocations=7 (full 1):
 PSYoungGen      total 136192K, used 136163K [0x00000000d6800000, 0x00000000e3900000, 0x0000000100000000)
  eden space 131072K, 100% used [0x00000000d6800000,0x00000000de800000,0x00000000de800000)
  from space 5120K, 99% used [0x00000000de800000,0x00000000decf8c58,0x00000000ded00000)
  to   space 11264K, 0% used [0x00000000e2e00000,0x00000000e2e00000,0x00000000e3900000)
 ParOldGen       total 63488K, used 11225K [0x0000000083800000, 0x0000000087600000, 0x00000000d6800000)
  object space 63488K, 17% used [0x0000000083800000,0x00000000842f64f8,0x0000000087600000)
 Metaspace       used 30496K, capacity 30826K, committed 31232K, reserved 1077248K
  class space    used 3686K, capacity 3767K, committed 3840K, reserved 1048576K
Event: 4.038 GC heap after
Heap after GC invocations=7 (full 1):
 PSYoungGen      total 199680K, used 11239K [0x00000000d6800000, 0x00000000e3d00000, 0x0000000100000000)
  eden space 188416K, 0% used [0x00000000d6800000,0x00000000d6800000,0x00000000e2000000)
  from space 11264K, 99% used [0x00000000e2e00000,0x00000000e38f9c20,0x00000000e3900000)
  to   space 14336K, 0% used [0x00000000e2000000,0x00000000e2000000,0x00000000e2e00000)
 ParOldGen       total 63488K, used 14169K [0x0000000083800000, 0x0000000087600000, 0x00000000d6800000)
  object space 63488K, 22% used [0x0000000083800000,0x00000000845d6468,0x0000000087600000)
 Metaspace       used 30496K, capacity 30826K, committed 31232K, reserved 1077248K
  class space    used 3686K, capacity 3767K, committed 3840K, reserved 1048576K
}
Event: 4.724 GC heap before
{Heap before GC invocations=8 (full 1):
 PSYoungGen      total 199680K, used 139111K [0x00000000d6800000, 0x00000000e3d00000, 0x0000000100000000)
  eden space 188416K, 67% used [0x00000000d6800000,0x00000000de4e0220,0x00000000e2000000)
  from space 11264K, 99% used [0x00000000e2e00000,0x00000000e38f9c20,0x00000000e3900000)
  to   space 14336K, 0% used [0x00000000e2000000,0x00000000e2000000,0x00000000e2e00000)
 ParOldGen       total 63488K, used 14169K [0x0000000083800000, 0x0000000087600000, 0x00000000d6800000)
  object space 63488K, 22% used [0x0000000083800000,0x00000000845d6468,0x0000000087600000)
 Metaspace       used 34835K, capacity 35150K, committed 35416K, reserved 1081344K
  class space    used 4322K, capacity 4413K, committed 4440K, reserved 1048576K
Event: 4.743 GC heap after
Heap after GC invocations=8 (full 1):
 PSYoungGen      total 202752K, used 14321K [0x00000000d6800000, 0x00000000e9500000, 0x0000000100000000)
  eden space 188416K, 0% used [0x00000000d6800000,0x00000000d6800000,0x00000000e2000000)
  from space 14336K, 99% used [0x00000000e2000000,0x00000000e2dfc790,0x00000000e2e00000)
  to   space 17920K, 0% used [0x00000000e8380000,0x00000000e8380000,0x00000000e9500000)
 ParOldGen       total 63488K, used 16153K [0x0000000083800000, 0x0000000087600000, 0x00000000d6800000)
  object space 63488K, 25% used [0x0000000083800000,0x00000000847c6600,0x0000000087600000)
 Metaspace       used 34835K, capacity 35150K, committed 35416K, reserved 1081344K
  class space    used 4322K, capacity 4413K, committed 4440K, reserved 1048576K
}
Event: 4.743 GC heap before
{Heap before GC invocations=9 (full 2):
 PSYoungGen      total 202752K, used 14321K [0x00000000d6800000, 0x00000000e9500000, 0x0000000100000000)
  eden space 188416K, 0% used [0x00000000d6800000,0x00000000d6800000,0x00000000e2000000)
  from space 14336K, 99% used [0x00000000e2000000,0x00000000e2dfc790,0x00000000e2e00000)
  to   space 17920K, 0% used [0x00000000e8380000,0x00000000e8380000,0x00000000e9500000)
 ParOldGen       total 63488K, used 16153K [0x0000000083800000, 0x0000000087600000, 0x00000000d6800000)
  object space 63488K, 25% used [0x0000000083800000,0x00000000847c6600,0x0000000087600000)
 Metaspace       used 34835K, capacity 35150K, committed 35416K, reserved 1081344K
  class space    used 4322K, capacity 4413K, committed 4440K, reserved 1048576K
Event: 4.838 GC heap after
Heap after GC invocations=9 (full 2):
 PSYoungGen      total 202752K, used 0K [0x00000000d6800000, 0x00000000e9500000, 0x0000000100000000)
  eden space 188416K, 0% used [0x00000000d6800000,0x00000000d6800000,0x00000000e2000000)
  from space 14336K, 0% used [0x00000000e2000000,0x00000000e2000000,0x00000000e2e00000)
  to   space 17920K, 0% used [0x00000000e8380000,0x00000000e8380000,0x00000000e9500000)
 ParOldGen       total 104960K, used 22038K [0x0000000083800000, 0x0000000089e80000, 0x00000000d6800000)
  object space 104960K, 20% used [0x0000000083800000,0x0000000084d85ba8,0x0000000089e80000)
 Metaspace       used 34835K, capacity 35150K, committed 35416K, reserved 1081344K
  class space    used 4322K, capacity 4413K, committed 4440K, reserved 1048576K
}
Event: 6.883 GC heap before
{Heap before GC invocations=10 (full 2):
 PSYoungGen      total 202752K, used 188416K [0x00000000d6800000, 0x00000000e9500000, 0x0000000100000000)
  eden space 188416K, 100% used [0x00000000d6800000,0x00000000e2000000,0x00000000e2000000)
  from space 14336K, 0% used [0x00000000e2000000,0x00000000e2000000,0x00000000e2e00000)
  to   space 17920K, 0% used [0x00000000e8380000,0x00000000e8380000,0x00000000e9500000)
 ParOldGen       total 104960K, used 22038K [0x0000000083800000, 0x0000000089e80000, 0x00000000d6800000)
  object space 104960K, 20% used [0x0000000083800000,0x0000000084d85ba8,0x0000000089e80000)
 Metaspace       used 44791K, capacity 45254K, committed 45528K, reserved 1089536K
  class space    used 5707K, capacity 5825K, committed 5848K, reserved 1048576K
Event: 6.905 GC heap after
Heap after GC invocations=10 (full 2):
 PSYoungGen      total 279552K, used 14567K [0x00000000d6800000, 0x00000000e9200000, 0x0000000100000000)
  eden space 264704K, 0% used [0x00000000d6800000,0x00000000d6800000,0x00000000e6a80000)
  from space 14848K, 98% used [0x00000000e8380000,0x00000000e91b9f98,0x00000000e9200000)
  to   space 18944K, 0% used [0x00000000e6d00000,0x00000000e6d00000,0x00000000e7f80000)
 ParOldGen       total 104960K, used 22046K [0x0000000083800000, 0x0000000089e80000, 0x00000000d6800000)
  object space 104960K, 21% used [0x0000000083800000,0x0000000084d87ba8,0x0000000089e80000)
 Metaspace       used 44791K, capacity 45254K, committed 45528K, reserved 1089536K
  class space    used 5707K, capacity 5825K, committed 5848K, reserved 1048576K
}

